#
# A fatal error has been detected by the Java Runtime Environment:
#
#  SIGSEGV (0xb) at pc=0x000000010f396cea, pid=51555, tid=5891
#
# JRE version: Java(TM) SE Runtime Environment (11.0.4+10) (build 11.0.4+10-LTS)
# Java VM: Java HotSpot(TM) 64-Bit Server VM (11.0.4+10-LTS, mixed mode, tiered, compressed oops, g1 gc, bsd-amd64)
# Problematic frame:
# V  [libjvm.dylib+0x396cea]  InterpreterRuntime::exception_handler_for_exception(JavaThread*, oopDesc*)+0x34
#
# No core dump will be written. Core dumps have been disabled. To enable core dumping, try "ulimit -c unlimited" before starting Java again
#
# If you would like to submit a bug report, please visit:
#   http://bugreport.java.com/bugreport/crash.jsp
#

---------------  S U M M A R Y ------------

Command Line: -Xverify:none Exemple

Host: MacBookPro14,1 x86_64 2300 MHz, 4 cores, 8G, Darwin 19.3.0
Time: Sat Mar 28 07:17:50 2020 CET elapsed time: 0 seconds (0d 0h 0m 0s)

---------------  T H R E A D  ---------------

Current thread (0x00007fb20f008800):  JavaThread "main" [_thread_in_vm, id=5891, stack(0x0000700002976000,0x0000700002a76000)]

Stack: [0x0000700002976000,0x0000700002a76000],  sp=0x000000011d4d2399,  free space=18014278255029616k
Native frames: (J=compiled Java code, A=aot compiled Java code, j=interpreted, Vv=VM code, C=native code)
V  [libjvm.dylib+0x396cea]  InterpreterRuntime::exception_handler_for_exception(JavaThread*, oopDesc*)+0x34

Java frames: (J=compiled Java code, j=interpreted, Vv=VM code)
j  Exemple.main([Ljava/lang/String;)V+45
v  ~StubRoutines::call_stub

siginfo: si_signo: 11 (SIGSEGV), si_code: 0 (unknown), si_addr: 0x0000000000000000

Register to memory mapping:

RAX=
[error occurred during error reporting (printing register info), id 0xa, SIGBUS (0xa) at pc=0x000000010f6d0b2a]

Registers:
RAX=0x000000011d4d2529, RBX=0x000000011d4c3000, RCX=0x000000011d4dc400, RDX=0x000000011d4d2529
RSP=0x000000011d4d2399, RBP=0x000000011d4d2509, RSI=0x0000000787e0b010, RDI=0x00007fb20f008800
R8 =0x000000011d4b6000, R9 =0x0000700002a75940, R10=0x0000000000000000, R11=0x000000010f799392
R12=0x00007fb20f008800, R13=0x000000012ebb6405, R14=0x0000000000000000, R15=0x0000000787e0b010
RIP=0x000000010f396cea, EFLAGS=0x0000000000010246, ERR=0x0000000000000000
  TRAPNO=0x000000000000000d

Top of Stack: (sp=0x000000011d4d2399)
0x000000011d4d2399:   00032897894d0000 087f814977f8c500
0x000000011d4d23a9:   0005840f00000000 4cfffe43c8e90000
0x000000011d4d23b9:   c3c8758b4cc06d8b ec8148d824648948
0x000000011d4d23c9:   2444894800000080 894870244c894878
0x000000011d4d23d9:   60245c8948682454 74894850246c8948
0x000000011d4d23e9:   4c40247c89484824 244c894c38244489
0x000000011d4d23f9:   894c282454894c30 182464894c20245c
0x000000011d4d2409:   74894c10246c894c bf48243c894c0824
0x000000011d4d2419:   000000010f7c99e2 00011d4d23c1be48
0x000000011d4d2429:   e48348d48b480000 4cf4f206822de8f0
0x000000011d4d2439:   8b48068d48c06d89 00000846c748084e
0x000000011d4d2449:   e28348118b480000 b7840f05fa834807
0x000000011d4d2459:   8548108b48000000 f0000000ab840fd2
0x000000011d4d2469:   00a0840f11b10f48 05e8084e89480000
0x000000011d4d2479:   00000092e9000000 6d894c0824448d48
0x000000011d4d2489:   00007fb20f008800 894900000330af89
0x000000011d4d2499:   0fc4f70000032087 000012840f000000
0x000000011d4d24a9:   0000000000000000 05e908c48348f1ec
0x000000011d4d24b9:   f1ec563de8000000 000000000000ba49
0x000000011d4d24c9:   00032097894d0000 0000000000ba4900
0x000000011d4d24d9:   033097894d000000 000000011d4c3000
0x000000011d4d24e9:   0000000000000000 000000012ebb6405
0x000000011d4d24f9:   0000700002a75ae8 00007fb20f008800
0x000000011d4d2509:   0000700002a75a90 000000011d4c305e
0x000000011d4d2519:   25e9b85d8d48b875 000000011d4c3027
0x000000011d4d2529:   448d4800000092e9 8b49c06d894c0824
0x000000011d4d2539:   30af894977f8c5ff 0320878949000003
0x000000011d4d2549:   0000000fc4f70000 834800000012840f
0x000000011d4d2559:   48f1ec5696e808ec 00000005e908c483
0x000000011d4d2569:   00ba49f1ec5688e8 4d00000000000000
0x000000011d4d2579:   ba49000003209789 0000000000000000
0x000000011d4d2589:   490000033097894d 00000000000000ba 

Instructions: (pc=0x000000010f396cea)
0x000000010f396cca:   49 89 f7 49 89 fc 4c 89 65 80 41 c7 84 24 b8 03
0x000000010f396cda:   00 00 06 00 00 00 45 31 f6 4c 89 75 a0 0f 57 c0
0x000000010f396cea:   0f 29 45 90 0f 29 45 b0 c7 45 a8 02 00 00 00 49
0x000000010f396cfa:   8d bc 24 20 03 00 00 4c 89 e6 e8 8d 4a f5 ff 48 



---------------  P R O C E S S  ---------------

Threads class SMR info:
_java_thread_list=0x00007fb20ee080c0, length=9, elements={
0x00007fb20f008800, 0x00007fb20f088800, 0x00007fb210028000, 0x00007fb20f84c800,
0x00007fb20f84f800, 0x00007fb20f850800, 0x00007fb20f851800, 0x00007fb20f08f000,
0x00007fb20f08d000
}

Java Threads: ( => current thread )
=>0x00007fb20f008800 JavaThread "main" [_thread_in_vm, id=5891, stack(0x0000700002976000,0x0000700002a76000)]
  0x00007fb20f088800 JavaThread "Reference Handler" daemon [_thread_blocked, id=13315, stack(0x000070000308b000,0x000070000318b000)]
  0x00007fb210028000 JavaThread "Finalizer" daemon [_thread_blocked, id=13827, stack(0x000070000318e000,0x000070000328e000)]
  0x00007fb20f84c800 JavaThread "Signal Dispatcher" daemon [_thread_blocked, id=14851, stack(0x0000700003397000,0x0000700003497000)]
  0x00007fb20f84f800 JavaThread "C2 CompilerThread0" daemon [_thread_blocked, id=15363, stack(0x000070000349a000,0x000070000359a000)]
  0x00007fb20f850800 JavaThread "C1 CompilerThread0" daemon [_thread_blocked, id=15619, stack(0x000070000359d000,0x000070000369d000)]
  0x00007fb20f851800 JavaThread "Sweeper thread" daemon [_thread_blocked, id=43267, stack(0x00007000036a0000,0x00007000037a0000)]
  0x00007fb20f08f000 JavaThread "Service Thread" daemon [_thread_blocked, id=22019, stack(0x00007000037a3000,0x00007000038a3000)]
  0x00007fb20f08d000 JavaThread "Common-Cleaner" daemon [_thread_blocked, id=22787, stack(0x00007000039a9000,0x0000700003aa9000)]

Other Threads:
  0x00007fb20f83f800 VMThread "VM Thread" [stack: 0x0000700002f88000,0x0000700003088000] [id=13059]
  0x00007fb20f83e800 WatcherThread [stack: 0x00007000038a6000,0x00007000039a6000] [id=42499]
  0x00007fb20f00a800 GCTaskThread "GC Thread#0" [stack: 0x0000700002a79000,0x0000700002b79000] [id=11523]
  0x00007fb210020800 ConcurrentGCThread "G1 Main Marker" [stack: 0x0000700002b7c000,0x0000700002c7c000] [id=12035]
  0x00007fb20f00b000 ConcurrentGCThread "G1 Conc#0" [stack: 0x0000700002c7f000,0x0000700002d7f000] [id=20739]
  0x00007fb20f066800 ConcurrentGCThread "G1 Refine#0" [stack: 0x0000700002d82000,0x0000700002e82000] [id=20483]
  0x00007fb210021000 ConcurrentGCThread "G1 Young RemSet Sampling" [stack: 0x0000700002e85000,0x0000700002f85000] [id=12803]

Threads with active compile tasks:

VM state:not at safepoint (normal execution)

VM Mutex/Monitor currently owned by a thread: None

Heap address: 0x0000000780000000, size: 2048 MB, Compressed Oops mode: Zero based, Oop shift amount: 3
Narrow klass base: 0x0000000800000000, Narrow klass shift: 0
Compressed class space size: 1073741824 Address: 0x0000000800000000

Heap:
 garbage-first heap   total 131072K, used 1024K [0x0000000780000000, 0x0000000800000000)
  region size 1024K, 2 young (2048K), 0 survivors (0K)
 Metaspace       used 3766K, capacity 4486K, committed 4864K, reserved 1056768K
  class space    used 336K, capacity 386K, committed 512K, reserved 1048576K
Heap Regions: E=young(eden), S=young(survivor), O=old, HS=humongous(starts), HC=humongous(continues), CS=collection set, F=free, A=archive, TAMS=top-at-mark-start (previous, next)
|   0|0x0000000780000000, 0x0000000780000000, 0x0000000780100000|  0%| F|  |TAMS 0x0000000780000000, 0x0000000780000000| Untracked 
|   1|0x0000000780100000, 0x0000000780100000, 0x0000000780200000|  0%| F|  |TAMS 0x0000000780100000, 0x0000000780100000| Untracked 
|   2|0x0000000780200000, 0x0000000780200000, 0x0000000780300000|  0%| F|  |TAMS 0x0000000780200000, 0x0000000780200000| Untracked 
|   3|0x0000000780300000, 0x0000000780300000, 0x0000000780400000|  0%| F|  |TAMS 0x0000000780300000, 0x0000000780300000| Untracked 
|   4|0x0000000780400000, 0x0000000780400000, 0x0000000780500000|  0%| F|  |TAMS 0x0000000780400000, 0x0000000780400000| Untracked 
|   5|0x0000000780500000, 0x0000000780500000, 0x0000000780600000|  0%| F|  |TAMS 0x0000000780500000, 0x0000000780500000| Untracked 
|   6|0x0000000780600000, 0x0000000780600000, 0x0000000780700000|  0%| F|  |TAMS 0x0000000780600000, 0x0000000780600000| Untracked 
|   7|0x0000000780700000, 0x0000000780700000, 0x0000000780800000|  0%| F|  |TAMS 0x0000000780700000, 0x0000000780700000| Untracked 
|   8|0x0000000780800000, 0x0000000780800000, 0x0000000780900000|  0%| F|  |TAMS 0x0000000780800000, 0x0000000780800000| Untracked 
|   9|0x0000000780900000, 0x0000000780900000, 0x0000000780a00000|  0%| F|  |TAMS 0x0000000780900000, 0x0000000780900000| Untracked 
|  10|0x0000000780a00000, 0x0000000780a00000, 0x0000000780b00000|  0%| F|  |TAMS 0x0000000780a00000, 0x0000000780a00000| Untracked 
|  11|0x0000000780b00000, 0x0000000780b00000, 0x0000000780c00000|  0%| F|  |TAMS 0x0000000780b00000, 0x0000000780b00000| Untracked 
|  12|0x0000000780c00000, 0x0000000780c00000, 0x0000000780d00000|  0%| F|  |TAMS 0x0000000780c00000, 0x0000000780c00000| Untracked 
|  13|0x0000000780d00000, 0x0000000780d00000, 0x0000000780e00000|  0%| F|  |TAMS 0x0000000780d00000, 0x0000000780d00000| Untracked 
|  14|0x0000000780e00000, 0x0000000780e00000, 0x0000000780f00000|  0%| F|  |TAMS 0x0000000780e00000, 0x0000000780e00000| Untracked 
|  15|0x0000000780f00000, 0x0000000780f00000, 0x0000000781000000|  0%| F|  |TAMS 0x0000000780f00000, 0x0000000780f00000| Untracked 
|  16|0x0000000781000000, 0x0000000781000000, 0x0000000781100000|  0%| F|  |TAMS 0x0000000781000000, 0x0000000781000000| Untracked 
|  17|0x0000000781100000, 0x0000000781100000, 0x0000000781200000|  0%| F|  |TAMS 0x0000000781100000, 0x0000000781100000| Untracked 
|  18|0x0000000781200000, 0x0000000781200000, 0x0000000781300000|  0%| F|  |TAMS 0x0000000781200000, 0x0000000781200000| Untracked 
|  19|0x0000000781300000, 0x0000000781300000, 0x0000000781400000|  0%| F|  |TAMS 0x0000000781300000, 0x0000000781300000| Untracked 
|  20|0x0000000781400000, 0x0000000781400000, 0x0000000781500000|  0%| F|  |TAMS 0x0000000781400000, 0x0000000781400000| Untracked 
|  21|0x0000000781500000, 0x0000000781500000, 0x0000000781600000|  0%| F|  |TAMS 0x0000000781500000, 0x0000000781500000| Untracked 
|  22|0x0000000781600000, 0x0000000781600000, 0x0000000781700000|  0%| F|  |TAMS 0x0000000781600000, 0x0000000781600000| Untracked 
|  23|0x0000000781700000, 0x0000000781700000, 0x0000000781800000|  0%| F|  |TAMS 0x0000000781700000, 0x0000000781700000| Untracked 
|  24|0x0000000781800000, 0x0000000781800000, 0x0000000781900000|  0%| F|  |TAMS 0x0000000781800000, 0x0000000781800000| Untracked 
|  25|0x0000000781900000, 0x0000000781900000, 0x0000000781a00000|  0%| F|  |TAMS 0x0000000781900000, 0x0000000781900000| Untracked 
|  26|0x0000000781a00000, 0x0000000781a00000, 0x0000000781b00000|  0%| F|  |TAMS 0x0000000781a00000, 0x0000000781a00000| Untracked 
|  27|0x0000000781b00000, 0x0000000781b00000, 0x0000000781c00000|  0%| F|  |TAMS 0x0000000781b00000, 0x0000000781b00000| Untracked 
|  28|0x0000000781c00000, 0x0000000781c00000, 0x0000000781d00000|  0%| F|  |TAMS 0x0000000781c00000, 0x0000000781c00000| Untracked 
|  29|0x0000000781d00000, 0x0000000781d00000, 0x0000000781e00000|  0%| F|  |TAMS 0x0000000781d00000, 0x0000000781d00000| Untracked 
|  30|0x0000000781e00000, 0x0000000781e00000, 0x0000000781f00000|  0%| F|  |TAMS 0x0000000781e00000, 0x0000000781e00000| Untracked 
|  31|0x0000000781f00000, 0x0000000781f00000, 0x0000000782000000|  0%| F|  |TAMS 0x0000000781f00000, 0x0000000781f00000| Untracked 
|  32|0x0000000782000000, 0x0000000782000000, 0x0000000782100000|  0%| F|  |TAMS 0x0000000782000000, 0x0000000782000000| Untracked 
|  33|0x0000000782100000, 0x0000000782100000, 0x0000000782200000|  0%| F|  |TAMS 0x0000000782100000, 0x0000000782100000| Untracked 
|  34|0x0000000782200000, 0x0000000782200000, 0x0000000782300000|  0%| F|  |TAMS 0x0000000782200000, 0x0000000782200000| Untracked 
|  35|0x0000000782300000, 0x0000000782300000, 0x0000000782400000|  0%| F|  |TAMS 0x0000000782300000, 0x0000000782300000| Untracked 
|  36|0x0000000782400000, 0x0000000782400000, 0x0000000782500000|  0%| F|  |TAMS 0x0000000782400000, 0x0000000782400000| Untracked 
|  37|0x0000000782500000, 0x0000000782500000, 0x0000000782600000|  0%| F|  |TAMS 0x0000000782500000, 0x0000000782500000| Untracked 
|  38|0x0000000782600000, 0x0000000782600000, 0x0000000782700000|  0%| F|  |TAMS 0x0000000782600000, 0x0000000782600000| Untracked 
|  39|0x0000000782700000, 0x0000000782700000, 0x0000000782800000|  0%| F|  |TAMS 0x0000000782700000, 0x0000000782700000| Untracked 
|  40|0x0000000782800000, 0x0000000782800000, 0x0000000782900000|  0%| F|  |TAMS 0x0000000782800000, 0x0000000782800000| Untracked 
|  41|0x0000000782900000, 0x0000000782900000, 0x0000000782a00000|  0%| F|  |TAMS 0x0000000782900000, 0x0000000782900000| Untracked 
|  42|0x0000000782a00000, 0x0000000782a00000, 0x0000000782b00000|  0%| F|  |TAMS 0x0000000782a00000, 0x0000000782a00000| Untracked 
|  43|0x0000000782b00000, 0x0000000782b00000, 0x0000000782c00000|  0%| F|  |TAMS 0x0000000782b00000, 0x0000000782b00000| Untracked 
|  44|0x0000000782c00000, 0x0000000782c00000, 0x0000000782d00000|  0%| F|  |TAMS 0x0000000782c00000, 0x0000000782c00000| Untracked 
|  45|0x0000000782d00000, 0x0000000782d00000, 0x0000000782e00000|  0%| F|  |TAMS 0x0000000782d00000, 0x0000000782d00000| Untracked 
|  46|0x0000000782e00000, 0x0000000782e00000, 0x0000000782f00000|  0%| F|  |TAMS 0x0000000782e00000, 0x0000000782e00000| Untracked 
|  47|0x0000000782f00000, 0x0000000782f00000, 0x0000000783000000|  0%| F|  |TAMS 0x0000000782f00000, 0x0000000782f00000| Untracked 
|  48|0x0000000783000000, 0x0000000783000000, 0x0000000783100000|  0%| F|  |TAMS 0x0000000783000000, 0x0000000783000000| Untracked 
|  49|0x0000000783100000, 0x0000000783100000, 0x0000000783200000|  0%| F|  |TAMS 0x0000000783100000, 0x0000000783100000| Untracked 
|  50|0x0000000783200000, 0x0000000783200000, 0x0000000783300000|  0%| F|  |TAMS 0x0000000783200000, 0x0000000783200000| Untracked 
|  51|0x0000000783300000, 0x0000000783300000, 0x0000000783400000|  0%| F|  |TAMS 0x0000000783300000, 0x0000000783300000| Untracked 
|  52|0x0000000783400000, 0x0000000783400000, 0x0000000783500000|  0%| F|  |TAMS 0x0000000783400000, 0x0000000783400000| Untracked 
|  53|0x0000000783500000, 0x0000000783500000, 0x0000000783600000|  0%| F|  |TAMS 0x0000000783500000, 0x0000000783500000| Untracked 
|  54|0x0000000783600000, 0x0000000783600000, 0x0000000783700000|  0%| F|  |TAMS 0x0000000783600000, 0x0000000783600000| Untracked 
|  55|0x0000000783700000, 0x0000000783700000, 0x0000000783800000|  0%| F|  |TAMS 0x0000000783700000, 0x0000000783700000| Untracked 
|  56|0x0000000783800000, 0x0000000783800000, 0x0000000783900000|  0%| F|  |TAMS 0x0000000783800000, 0x0000000783800000| Untracked 
|  57|0x0000000783900000, 0x0000000783900000, 0x0000000783a00000|  0%| F|  |TAMS 0x0000000783900000, 0x0000000783900000| Untracked 
|  58|0x0000000783a00000, 0x0000000783a00000, 0x0000000783b00000|  0%| F|  |TAMS 0x0000000783a00000, 0x0000000783a00000| Untracked 
|  59|0x0000000783b00000, 0x0000000783b00000, 0x0000000783c00000|  0%| F|  |TAMS 0x0000000783b00000, 0x0000000783b00000| Untracked 
|  60|0x0000000783c00000, 0x0000000783c00000, 0x0000000783d00000|  0%| F|  |TAMS 0x0000000783c00000, 0x0000000783c00000| Untracked 
|  61|0x0000000783d00000, 0x0000000783d00000, 0x0000000783e00000|  0%| F|  |TAMS 0x0000000783d00000, 0x0000000783d00000| Untracked 
|  62|0x0000000783e00000, 0x0000000783e00000, 0x0000000783f00000|  0%| F|  |TAMS 0x0000000783e00000, 0x0000000783e00000| Untracked 
|  63|0x0000000783f00000, 0x0000000783f00000, 0x0000000784000000|  0%| F|  |TAMS 0x0000000783f00000, 0x0000000783f00000| Untracked 
|  64|0x0000000784000000, 0x0000000784000000, 0x0000000784100000|  0%| F|  |TAMS 0x0000000784000000, 0x0000000784000000| Untracked 
|  65|0x0000000784100000, 0x0000000784100000, 0x0000000784200000|  0%| F|  |TAMS 0x0000000784100000, 0x0000000784100000| Untracked 
|  66|0x0000000784200000, 0x0000000784200000, 0x0000000784300000|  0%| F|  |TAMS 0x0000000784200000, 0x0000000784200000| Untracked 
|  67|0x0000000784300000, 0x0000000784300000, 0x0000000784400000|  0%| F|  |TAMS 0x0000000784300000, 0x0000000784300000| Untracked 
|  68|0x0000000784400000, 0x0000000784400000, 0x0000000784500000|  0%| F|  |TAMS 0x0000000784400000, 0x0000000784400000| Untracked 
|  69|0x0000000784500000, 0x0000000784500000, 0x0000000784600000|  0%| F|  |TAMS 0x0000000784500000, 0x0000000784500000| Untracked 
|  70|0x0000000784600000, 0x0000000784600000, 0x0000000784700000|  0%| F|  |TAMS 0x0000000784600000, 0x0000000784600000| Untracked 
|  71|0x0000000784700000, 0x0000000784700000, 0x0000000784800000|  0%| F|  |TAMS 0x0000000784700000, 0x0000000784700000| Untracked 
|  72|0x0000000784800000, 0x0000000784800000, 0x0000000784900000|  0%| F|  |TAMS 0x0000000784800000, 0x0000000784800000| Untracked 
|  73|0x0000000784900000, 0x0000000784900000, 0x0000000784a00000|  0%| F|  |TAMS 0x0000000784900000, 0x0000000784900000| Untracked 
|  74|0x0000000784a00000, 0x0000000784a00000, 0x0000000784b00000|  0%| F|  |TAMS 0x0000000784a00000, 0x0000000784a00000| Untracked 
|  75|0x0000000784b00000, 0x0000000784b00000, 0x0000000784c00000|  0%| F|  |TAMS 0x0000000784b00000, 0x0000000784b00000| Untracked 
|  76|0x0000000784c00000, 0x0000000784c00000, 0x0000000784d00000|  0%| F|  |TAMS 0x0000000784c00000, 0x0000000784c00000| Untracked 
|  77|0x0000000784d00000, 0x0000000784d00000, 0x0000000784e00000|  0%| F|  |TAMS 0x0000000784d00000, 0x0000000784d00000| Untracked 
|  78|0x0000000784e00000, 0x0000000784e00000, 0x0000000784f00000|  0%| F|  |TAMS 0x0000000784e00000, 0x0000000784e00000| Untracked 
|  79|0x0000000784f00000, 0x0000000784f00000, 0x0000000785000000|  0%| F|  |TAMS 0x0000000784f00000, 0x0000000784f00000| Untracked 
|  80|0x0000000785000000, 0x0000000785000000, 0x0000000785100000|  0%| F|  |TAMS 0x0000000785000000, 0x0000000785000000| Untracked 
|  81|0x0000000785100000, 0x0000000785100000, 0x0000000785200000|  0%| F|  |TAMS 0x0000000785100000, 0x0000000785100000| Untracked 
|  82|0x0000000785200000, 0x0000000785200000, 0x0000000785300000|  0%| F|  |TAMS 0x0000000785200000, 0x0000000785200000| Untracked 
|  83|0x0000000785300000, 0x0000000785300000, 0x0000000785400000|  0%| F|  |TAMS 0x0000000785300000, 0x0000000785300000| Untracked 
|  84|0x0000000785400000, 0x0000000785400000, 0x0000000785500000|  0%| F|  |TAMS 0x0000000785400000, 0x0000000785400000| Untracked 
|  85|0x0000000785500000, 0x0000000785500000, 0x0000000785600000|  0%| F|  |TAMS 0x0000000785500000, 0x0000000785500000| Untracked 
|  86|0x0000000785600000, 0x0000000785600000, 0x0000000785700000|  0%| F|  |TAMS 0x0000000785600000, 0x0000000785600000| Untracked 
|  87|0x0000000785700000, 0x0000000785700000, 0x0000000785800000|  0%| F|  |TAMS 0x0000000785700000, 0x0000000785700000| Untracked 
|  88|0x0000000785800000, 0x0000000785800000, 0x0000000785900000|  0%| F|  |TAMS 0x0000000785800000, 0x0000000785800000| Untracked 
|  89|0x0000000785900000, 0x0000000785900000, 0x0000000785a00000|  0%| F|  |TAMS 0x0000000785900000, 0x0000000785900000| Untracked 
|  90|0x0000000785a00000, 0x0000000785a00000, 0x0000000785b00000|  0%| F|  |TAMS 0x0000000785a00000, 0x0000000785a00000| Untracked 
|  91|0x0000000785b00000, 0x0000000785b00000, 0x0000000785c00000|  0%| F|  |TAMS 0x0000000785b00000, 0x0000000785b00000| Untracked 
|  92|0x0000000785c00000, 0x0000000785c00000, 0x0000000785d00000|  0%| F|  |TAMS 0x0000000785c00000, 0x0000000785c00000| Untracked 
|  93|0x0000000785d00000, 0x0000000785d00000, 0x0000000785e00000|  0%| F|  |TAMS 0x0000000785d00000, 0x0000000785d00000| Untracked 
|  94|0x0000000785e00000, 0x0000000785e00000, 0x0000000785f00000|  0%| F|  |TAMS 0x0000000785e00000, 0x0000000785e00000| Untracked 
|  95|0x0000000785f00000, 0x0000000785f00000, 0x0000000786000000|  0%| F|  |TAMS 0x0000000785f00000, 0x0000000785f00000| Untracked 
|  96|0x0000000786000000, 0x0000000786000000, 0x0000000786100000|  0%| F|  |TAMS 0x0000000786000000, 0x0000000786000000| Untracked 
|  97|0x0000000786100000, 0x0000000786100000, 0x0000000786200000|  0%| F|  |TAMS 0x0000000786100000, 0x0000000786100000| Untracked 
|  98|0x0000000786200000, 0x0000000786200000, 0x0000000786300000|  0%| F|  |TAMS 0x0000000786200000, 0x0000000786200000| Untracked 
|  99|0x0000000786300000, 0x0000000786300000, 0x0000000786400000|  0%| F|  |TAMS 0x0000000786300000, 0x0000000786300000| Untracked 
| 100|0x0000000786400000, 0x0000000786400000, 0x0000000786500000|  0%| F|  |TAMS 0x0000000786400000, 0x0000000786400000| Untracked 
| 101|0x0000000786500000, 0x0000000786500000, 0x0000000786600000|  0%| F|  |TAMS 0x0000000786500000, 0x0000000786500000| Untracked 
| 102|0x0000000786600000, 0x0000000786600000, 0x0000000786700000|  0%| F|  |TAMS 0x0000000786600000, 0x0000000786600000| Untracked 
| 103|0x0000000786700000, 0x0000000786700000, 0x0000000786800000|  0%| F|  |TAMS 0x0000000786700000, 0x0000000786700000| Untracked 
| 104|0x0000000786800000, 0x0000000786800000, 0x0000000786900000|  0%| F|  |TAMS 0x0000000786800000, 0x0000000786800000| Untracked 
| 105|0x0000000786900000, 0x0000000786900000, 0x0000000786a00000|  0%| F|  |TAMS 0x0000000786900000, 0x0000000786900000| Untracked 
| 106|0x0000000786a00000, 0x0000000786a00000, 0x0000000786b00000|  0%| F|  |TAMS 0x0000000786a00000, 0x0000000786a00000| Untracked 
| 107|0x0000000786b00000, 0x0000000786b00000, 0x0000000786c00000|  0%| F|  |TAMS 0x0000000786b00000, 0x0000000786b00000| Untracked 
| 108|0x0000000786c00000, 0x0000000786c00000, 0x0000000786d00000|  0%| F|  |TAMS 0x0000000786c00000, 0x0000000786c00000| Untracked 
| 109|0x0000000786d00000, 0x0000000786d00000, 0x0000000786e00000|  0%| F|  |TAMS 0x0000000786d00000, 0x0000000786d00000| Untracked 
| 110|0x0000000786e00000, 0x0000000786e00000, 0x0000000786f00000|  0%| F|  |TAMS 0x0000000786e00000, 0x0000000786e00000| Untracked 
| 111|0x0000000786f00000, 0x0000000786f00000, 0x0000000787000000|  0%| F|  |TAMS 0x0000000786f00000, 0x0000000786f00000| Untracked 
| 112|0x0000000787000000, 0x0000000787000000, 0x0000000787100000|  0%| F|  |TAMS 0x0000000787000000, 0x0000000787000000| Untracked 
| 113|0x0000000787100000, 0x0000000787100000, 0x0000000787200000|  0%| F|  |TAMS 0x0000000787100000, 0x0000000787100000| Untracked 
| 114|0x0000000787200000, 0x0000000787200000, 0x0000000787300000|  0%| F|  |TAMS 0x0000000787200000, 0x0000000787200000| Untracked 
| 115|0x0000000787300000, 0x0000000787300000, 0x0000000787400000|  0%| F|  |TAMS 0x0000000787300000, 0x0000000787300000| Untracked 
| 116|0x0000000787400000, 0x0000000787400000, 0x0000000787500000|  0%| F|  |TAMS 0x0000000787400000, 0x0000000787400000| Untracked 
| 117|0x0000000787500000, 0x0000000787500000, 0x0000000787600000|  0%| F|  |TAMS 0x0000000787500000, 0x0000000787500000| Untracked 
| 118|0x0000000787600000, 0x0000000787600000, 0x0000000787700000|  0%| F|  |TAMS 0x0000000787600000, 0x0000000787600000| Untracked 
| 119|0x0000000787700000, 0x0000000787700000, 0x0000000787800000|  0%| F|  |TAMS 0x0000000787700000, 0x0000000787700000| Untracked 
| 120|0x0000000787800000, 0x0000000787800000, 0x0000000787900000|  0%| F|  |TAMS 0x0000000787800000, 0x0000000787800000| Untracked 
| 121|0x0000000787900000, 0x0000000787900000, 0x0000000787a00000|  0%| F|  |TAMS 0x0000000787900000, 0x0000000787900000| Untracked 
| 122|0x0000000787a00000, 0x0000000787a00000, 0x0000000787b00000|  0%| F|  |TAMS 0x0000000787a00000, 0x0000000787a00000| Untracked 
| 123|0x0000000787b00000, 0x0000000787b00000, 0x0000000787c00000|  0%| F|  |TAMS 0x0000000787b00000, 0x0000000787b00000| Untracked 
| 124|0x0000000787c00000, 0x0000000787c00000, 0x0000000787d00000|  0%| F|  |TAMS 0x0000000787c00000, 0x0000000787c00000| Untracked 
| 125|0x0000000787d00000, 0x0000000787d00000, 0x0000000787e00000|  0%| F|  |TAMS 0x0000000787d00000, 0x0000000787d00000| Untracked 
| 126|0x0000000787e00000, 0x0000000787e48330, 0x0000000787f00000| 28%| E|  |TAMS 0x0000000787e00000, 0x0000000787e00000| Complete 
| 127|0x0000000787f00000, 0x0000000788000000, 0x0000000788000000|100%| E|CS|TAMS 0x0000000787f00000, 0x0000000787f00000| Complete 

Card table byte_map: [0x0000000118a60000,0x0000000118e60000] _byte_map_base: 0x0000000114e60000

Marking Bits (Prev, Next): (CMBitMap*) 0x00007fb210017c18, (CMBitMap*) 0x00007fb210017c50
 Prev Bits: [0x0000000119260000, 0x000000011b260000)
 Next Bits: [0x000000011b260000, 0x000000011d260000)

Polling page: 0x000000010e740000

Metaspace:

Usage:
  Non-class:      4,00 MB capacity,     3,35 MB ( 84%) used,   670,39 KB ( 16%) free+waste,   128 bytes ( <1%) overhead. 
      Class:    386,00 KB capacity,   336,52 KB ( 87%) used,    49,36 KB ( 13%) free+waste,   128 bytes ( <1%) overhead. 
       Both:      4,38 MB capacity,     3,68 MB ( 84%) used,   719,75 KB ( 16%) free+waste,   256 bytes ( <1%) overhead. 

Virtual space:
  Non-class space:        8,00 MB reserved,       4,25 MB ( 53%) committed 
      Class space:        1,00 GB reserved,     512,00 KB ( <1%) committed 
             Both:        1,01 GB reserved,       4,75 MB ( <1%) committed 

Chunk freelists:
   Non-Class:  0 bytes
       Class:  0 bytes
        Both:  0 bytes

CodeHeap 'non-profiled nmethods': size=120032Kb used=19Kb max_used=19Kb free=120012Kb
 bounds [0x0000000124f7e000, 0x00000001251ee000, 0x000000012c4b6000]
CodeHeap 'profiled nmethods': size=120032Kb used=114Kb max_used=114Kb free=119917Kb
 bounds [0x000000011da46000, 0x000000011dcb6000, 0x0000000124f7e000]
CodeHeap 'non-nmethods': size=5696Kb used=990Kb max_used=992Kb free=4705Kb
 bounds [0x000000011d4b6000, 0x000000011d726000, 0x000000011da46000]
 total_blobs=379 nmethods=82 adapters=159
 compilation: enabled
              stopped_count=0, restarted_count=0
 full_count=0

Compilation events (10 events):
Event: 0,185 Thread 0x00007fb20f850800 nmethod 79 0x000000011da61490 code [0x000000011da61640, 0x000000011da61810]
Event: 0,185 Thread 0x00007fb20f84f800 nmethod 68 0x0000000124f82590 code [0x0000000124f82720, 0x0000000124f82918]
Event: 0,185 Thread 0x00007fb20f84f800   70       4       java.util.ImmutableCollections$SetN$SetNIterator::hasNext (13 bytes)
Event: 0,185 Thread 0x00007fb20f84f800 nmethod 70 0x0000000124f82a90 code [0x0000000124f82c20, 0x0000000124f82c98]
Event: 0,186 Thread 0x00007fb20f850800   80       3       java.lang.String::hashCode (49 bytes)
Event: 0,186 Thread 0x00007fb20f850800 nmethod 80 0x000000011da61890 code [0x000000011da61a80, 0x000000011da61dd8]
Event: 0,189 Thread 0x00007fb20f850800   81       3       java.lang.StringLatin1::indexOf (61 bytes)
Event: 0,189 Thread 0x00007fb20f850800 nmethod 81 0x000000011da61f10 code [0x000000011da620e0, 0x000000011da624f0]
Event: 0,201 Thread 0x00007fb20f850800   82       3       java.lang.StringLatin1::canEncode (13 bytes)
Event: 0,201 Thread 0x00007fb20f850800 nmethod 82 0x000000011da62610 code [0x000000011da627c0, 0x000000011da62950]

GC Heap History (0 events):
No events

Deoptimization events (1 events):
Event: 0,186 Thread 0x00007fb20f008800 Uncommon trap: reason=unstable_if action=reinterpret pc=0x0000000124f828d0 method=java.lang.String.hashCode()I @ 14 c2

Classes redefined (0 events):
No events

Internal exceptions (1 events):
Event: 0,201 Thread 0x00007fb20f008800 Exception <a 'java/lang/IllegalMonitorStateException'{0x0000000787e0b010}> (0x0000000787e0b010) thrown at [/scratch/mesos/slaves/ae206c0d-865c-4d69-a16b-c4e90bf2719f-S178/frameworks/1735e8a2-a1db-478c-8104-60c8b0af87dd-0196/executors/002611a9-74ee-48c8-a9

Events (10 events):
Event: 0,200 loading class sun/security/util/Debug
Event: 0,200 loading class sun/security/util/Debug done
Event: 0,201 loading class java/lang/NamedPackage
Event: 0,201 loading class java/lang/NamedPackage done
Event: 0,201 loading class java/lang/PublicMethods$MethodList
Event: 0,201 loading class java/lang/PublicMethods$MethodList done
Event: 0,201 loading class java/lang/PublicMethods$Key
Event: 0,201 loading class java/lang/PublicMethods$Key done
Event: 0,201 loading class java/lang/Void
Event: 0,201 loading class java/lang/Void done


Dynamic libraries:
0x00007fff33c2b000 	/System/Library/Frameworks/Cocoa.framework/Versions/A/Cocoa
0x00007fff411f9000 	/System/Library/Frameworks/Security.framework/Versions/A/Security
0x00007fff32bb5000 	/System/Library/Frameworks/ApplicationServices.framework/Versions/A/ApplicationServices
0x00007fff6b626000 	/usr/lib/libz.1.dylib
0x00007fff690f5000 	/usr/lib/libSystem.B.dylib
0x00007fff34ba2000 	/System/Library/Frameworks/CoreFoundation.framework/Versions/A/CoreFoundation
0x00007fff37267000 	/System/Library/Frameworks/Foundation.framework/Versions/C/Foundation
0x00007fff6af4a000 	/usr/lib/libobjc.A.dylib
0x00007fff31daa000 	/System/Library/Frameworks/AppKit.framework/Versions/C/AppKit
0x00007fff346ae000 	/System/Library/Frameworks/CoreData.framework/Versions/A/CoreData
0x00007fff6599d000 	/System/Library/PrivateFrameworks/UIFoundation.framework/Versions/A/UIFoundation
0x00007fff60179000 	/System/Library/PrivateFrameworks/RemoteViewServices.framework/Versions/A/RemoteViewServices
0x00007fff68430000 	/System/Library/PrivateFrameworks/XCTTargetBootstrap.framework/Versions/A/XCTTargetBootstrap
0x00007fff34a91000 	/System/Library/Frameworks/CoreDisplay.framework/Versions/A/CoreDisplay
0x00007fff39fdf000 	/System/Library/Frameworks/Metal.framework/Versions/A/Metal
0x00007fff4e57f000 	/System/Library/PrivateFrameworks/DesktopServicesPriv.framework/Versions/A/DesktopServicesPriv
0x00007fff6a22b000 	/usr/lib/liblangid.dylib
0x00007fff4d6cb000 	/System/Library/PrivateFrameworks/CoreSVG.framework/Versions/A/CoreSVG
0x00007fff62f40000 	/System/Library/PrivateFrameworks/SkyLight.framework/Versions/A/SkyLight
0x00007fff35024000 	/System/Library/Frameworks/CoreGraphics.framework/Versions/A/CoreGraphics
0x00007fff30949000 	/System/Library/Frameworks/Accelerate.framework/Versions/A/Accelerate
0x00007fff6b517000 	/usr/lib/libxml2.2.dylib
0x00007fff592a3000 	/System/Library/PrivateFrameworks/IconServices.framework/Versions/A/IconServices
0x00007fff37a4c000 	/System/Library/Frameworks/IOSurface.framework/Versions/A/IOSurface
0x00007fff68c2d000 	/usr/lib/libDiagnosticMessagesClient.dylib
0x00007fff4e3f8000 	/System/Library/PrivateFrameworks/DFRFoundation.framework/Versions/A/DFRFoundation
0x00007fff69fb9000 	/usr/lib/libicucore.A.dylib
0x00007fff32ee7000 	/System/Library/Frameworks/AudioToolbox.framework/Versions/A/AudioToolbox
0x00007fff32fc9000 	/System/Library/Frameworks/AudioUnit.framework/Versions/A/AudioUnit
0x00007fff692f6000 	/usr/lib/libauto.dylib
0x00007fff4e479000 	/System/Library/PrivateFrameworks/DataDetectorsCore.framework/Versions/A/DataDetectorsCore
0x00007fff3374b000 	/System/Library/Frameworks/Carbon.framework/Versions/A/Frameworks/HIToolbox.framework/Versions/A/HIToolbox
0x00007fff4042a000 	/System/Library/Frameworks/QuartzCore.framework/Versions/A/QuartzCore
0x00007fff33a8a000 	/System/Library/Frameworks/Carbon.framework/Versions/A/Frameworks/SpeechRecognition.framework/Versions/A/SpeechRecognition
0x00007fff4dd7e000 	/System/Library/PrivateFrameworks/CoreUI.framework/Versions/A/CoreUI
0x00007fff34114000 	/System/Library/Frameworks/CoreAudio.framework/Versions/A/CoreAudio
0x00007fff36f2f000 	/System/Library/Frameworks/DiskArbitration.framework/Versions/A/DiskArbitration
0x00007fff5b2b8000 	/System/Library/PrivateFrameworks/MultitouchSupport.framework/Versions/A/MultitouchSupport
0x00007fff69e7f000 	/usr/lib/libenergytrace.dylib
0x00007fff379a7000 	/System/Library/Frameworks/IOKit.framework/Versions/A/IOKit
0x00007fff35f92000 	/System/Library/Frameworks/CoreServices.framework/Versions/A/CoreServices
0x00007fff5d3c5000 	/System/Library/PrivateFrameworks/PerformanceAnalysis.framework/Versions/A/PerformanceAnalysis
0x00007fff3f460000 	/System/Library/Frameworks/OpenGL.framework/Versions/A/OpenGL
0x00007fff33c39000 	/System/Library/Frameworks/ColorSync.framework/Versions/A/ColorSync
0x00007fff356ab000 	/System/Library/Frameworks/CoreImage.framework/Versions/A/CoreImage
0x00007fff36a08000 	/System/Library/Frameworks/CoreText.framework/Versions/A/CoreText
0x00007fff37ad2000 	/System/Library/Frameworks/ImageIO.framework/Versions/A/ImageIO
0x00007fff693db000 	/usr/lib/libc++.1.dylib
0x00007fff69457000 	/usr/lib/libcompression.dylib
0x00007fff68f6f000 	/usr/lib/libMobileGestalt.dylib
0x00007fff64a7f000 	/System/Library/PrivateFrameworks/TextureIO.framework/Versions/A/TextureIO
0x00007fff6925c000 	/usr/lib/libate.dylib
0x00007fff594ac000 	/System/Library/PrivateFrameworks/InternationalSupport.framework/Versions/A/InternationalSupport
0x00007fff6c09c000 	/usr/lib/system/libcache.dylib
0x00007fff6c0a2000 	/usr/lib/system/libcommonCrypto.dylib
0x00007fff6c0ae000 	/usr/lib/system/libcompiler_rt.dylib
0x00007fff6c0b6000 	/usr/lib/system/libcopyfile.dylib
0x00007fff6c0c0000 	/usr/lib/system/libcorecrypto.dylib
0x00007fff6c26e000 	/usr/lib/system/libdispatch.dylib
0x00007fff6c2b0000 	/usr/lib/system/libdyld.dylib
0x00007fff6c2e6000 	/usr/lib/system/libkeymgr.dylib
0x00007fff6c2f4000 	/usr/lib/system/liblaunch.dylib
0x00007fff6c2f5000 	/usr/lib/system/libmacho.dylib
0x00007fff6c2fb000 	/usr/lib/system/libquarantine.dylib
0x00007fff6c2fe000 	/usr/lib/system/libremovefile.dylib
0x00007fff6c300000 	/usr/lib/system/libsystem_asl.dylib
0x00007fff6c318000 	/usr/lib/system/libsystem_blocks.dylib
0x00007fff6c319000 	/usr/lib/system/libsystem_c.dylib
0x00007fff6c3a1000 	/usr/lib/system/libsystem_configuration.dylib
0x00007fff6c3a5000 	/usr/lib/system/libsystem_coreservices.dylib
0x00007fff6c3a9000 	/usr/lib/system/libsystem_darwin.dylib
0x00007fff6c3b2000 	/usr/lib/system/libsystem_dnssd.dylib
0x00007fff6c3ba000 	/usr/lib/system/libsystem_featureflags.dylib
0x00007fff6c3bc000 	/usr/lib/system/libsystem_info.dylib
0x00007fff6c437000 	/usr/lib/system/libsystem_m.dylib
0x00007fff6c47f000 	/usr/lib/system/libsystem_malloc.dylib
0x00007fff6c4a7000 	/usr/lib/system/libsystem_networkextension.dylib
0x00007fff6c4b5000 	/usr/lib/system/libsystem_notify.dylib
0x00007fff6c4d4000 	/usr/lib/system/libsystem_sandbox.dylib
0x00007fff6c4d9000 	/usr/lib/system/libsystem_secinit.dylib
0x00007fff6c40a000 	/usr/lib/system/libsystem_kernel.dylib
0x00007fff6c4bf000 	/usr/lib/system/libsystem_platform.dylib
0x00007fff6c4c9000 	/usr/lib/system/libsystem_pthread.dylib
0x00007fff6c4dc000 	/usr/lib/system/libsystem_symptoms.dylib
0x00007fff6c4e4000 	/usr/lib/system/libsystem_trace.dylib
0x00007fff6c4fc000 	/usr/lib/system/libunwind.dylib
0x00007fff6c502000 	/usr/lib/system/libxpc.dylib
0x00007fff6942f000 	/usr/lib/libc++abi.dylib
0x00007fff6a22d000 	/usr/lib/liblzma.5.dylib
0x00007fff69ea7000 	/usr/lib/libfakelink.dylib
0x00007fff691e9000 	/usr/lib/libarchive.2.dylib
0x00007fff4239b000 	/System/Library/Frameworks/SystemConfiguration.framework/Versions/A/SystemConfiguration
0x00007fff68b5e000 	/usr/lib/libCRFSuite.dylib
0x00007fff3333f000 	/System/Library/Frameworks/CFNetwork.framework/Versions/A/CFNetwork
0x00007fff693bd000 	/usr/lib/libbsm.0.dylib
0x00007fff6c2e7000 	/usr/lib/system/libkxld.dylib
0x00007fff47eaf000 	/System/Library/PrivateFrameworks/AppleFSCompression.framework/Versions/A/AppleFSCompression
0x00007fff6973e000 	/usr/lib/libcoretls.dylib
0x00007fff69755000 	/usr/lib/libcoretls_cfhelpers.dylib
0x00007fff6af8e000 	/usr/lib/libpam.2.dylib
0x00007fff6b0c1000 	/usr/lib/libsqlite3.dylib
0x00007fff6b504000 	/usr/lib/libxar.1.dylib
0x00007fff693ce000 	/usr/lib/libbz2.1.0.dylib
0x00007fff69ec8000 	/usr/lib/libiconv.2.dylib
0x00007fff69444000 	/usr/lib/libcharset.1.dylib
0x00007fff6aa35000 	/usr/lib/libnetwork.dylib
0x00007fff6af95000 	/usr/lib/libpcap.A.dylib
0x00007fff6919e000 	/usr/lib/libapple_nghttp2.dylib
0x00007fff36349000 	/System/Library/Frameworks/CoreServices.framework/Versions/A/Frameworks/FSEvents.framework/Versions/A/FSEvents
0x00007fff36019000 	/System/Library/Frameworks/CoreServices.framework/Versions/A/Frameworks/CarbonCore.framework/Versions/A/CarbonCore
0x00007fff3658c000 	/System/Library/Frameworks/CoreServices.framework/Versions/A/Frameworks/Metadata.framework/Versions/A/Metadata
0x00007fff36625000 	/System/Library/Frameworks/CoreServices.framework/Versions/A/Frameworks/OSServices.framework/Versions/A/OSServices
0x00007fff36653000 	/System/Library/Frameworks/CoreServices.framework/Versions/A/Frameworks/SearchKit.framework/Versions/A/SearchKit
0x00007fff35f93000 	/System/Library/Frameworks/CoreServices.framework/Versions/A/Frameworks/AE.framework/Versions/A/AE
0x00007fff36352000 	/System/Library/Frameworks/CoreServices.framework/Versions/A/Frameworks/LaunchServices.framework/Versions/A/LaunchServices
0x00007fff362fb000 	/System/Library/Frameworks/CoreServices.framework/Versions/A/Frameworks/DictionaryServices.framework/Versions/A/DictionaryServices
0x00007fff366bb000 	/System/Library/Frameworks/CoreServices.framework/Versions/A/Frameworks/SharedFileList.framework/Versions/A/SharedFileList
0x00007fff3b2b4000 	/System/Library/Frameworks/NetFS.framework/Versions/A/NetFS
0x00007fff5b7e8000 	/System/Library/PrivateFrameworks/NetAuth.framework/Versions/A/NetAuth
0x00007fff687fb000 	/System/Library/PrivateFrameworks/login.framework/Versions/A/Frameworks/loginsupport.framework/Versions/A/loginsupport
0x00007fff6457a000 	/System/Library/PrivateFrameworks/TCC.framework/Versions/A/TCC
0x00007fff4ca9a000 	/System/Library/PrivateFrameworks/CoreNLP.framework/Versions/A/CoreNLP
0x00007fff5ace8000 	/System/Library/PrivateFrameworks/MetadataUtilities.framework/Versions/A/MetadataUtilities
0x00007fff6a305000 	/usr/lib/libmecabra.dylib
0x00007fff6a25d000 	/usr/lib/libmecab.dylib
0x00007fff69eb8000 	/usr/lib/libgermantok.dylib
0x00007fff69185000 	/usr/lib/libThaiTokenizer.dylib
0x00007fff68b96000 	/usr/lib/libChineseTokenizer.dylib
0x00007fff30961000 	/System/Library/Frameworks/Accelerate.framework/Versions/A/Frameworks/vImage.framework/Versions/A/vImage
0x00007fff31c04000 	/System/Library/Frameworks/Accelerate.framework/Versions/A/Frameworks/vecLib.framework/Versions/A/vecLib
0x00007fff31b48000 	/System/Library/Frameworks/Accelerate.framework/Versions/A/Frameworks/vecLib.framework/Versions/A/libvMisc.dylib
0x00007fff3196e000 	/System/Library/Frameworks/Accelerate.framework/Versions/A/Frameworks/vecLib.framework/Versions/A/libvDSP.dylib
0x00007fff30fcd000 	/System/Library/Frameworks/Accelerate.framework/Versions/A/Frameworks/vecLib.framework/Versions/A/libBLAS.dylib
0x00007fff31528000 	/System/Library/Frameworks/Accelerate.framework/Versions/A/Frameworks/vecLib.framework/Versions/A/libLAPACK.dylib
0x00007fff318ce000 	/System/Library/Frameworks/Accelerate.framework/Versions/A/Frameworks/vecLib.framework/Versions/A/libLinearAlgebra.dylib
0x00007fff3195b000 	/System/Library/Frameworks/Accelerate.framework/Versions/A/Frameworks/vecLib.framework/Versions/A/libSparseBLAS.dylib
0x00007fff318e4000 	/System/Library/Frameworks/Accelerate.framework/Versions/A/Frameworks/vecLib.framework/Versions/A/libQuadrature.dylib
0x00007fff31237000 	/System/Library/Frameworks/Accelerate.framework/Versions/A/Frameworks/vecLib.framework/Versions/A/libBNNS.dylib
0x00007fff318ea000 	/System/Library/Frameworks/Accelerate.framework/Versions/A/Frameworks/vecLib.framework/Versions/A/libSparse.dylib
0x00007fff5986b000 	/System/Library/PrivateFrameworks/LanguageModeling.framework/Versions/A/LanguageModeling
0x00007fff4c436000 	/System/Library/PrivateFrameworks/CoreEmoji.framework/Versions/A/CoreEmoji
0x00007fff59989000 	/System/Library/PrivateFrameworks/LinguisticData.framework/Versions/A/LinguisticData
0x00007fff5993a000 	/System/Library/PrivateFrameworks/Lexicon.framework/Versions/A/Lexicon
0x00007fff69445000 	/usr/lib/libcmph.dylib
0x00007fff3de86000 	/System/Library/Frameworks/OpenDirectory.framework/Versions/A/Frameworks/CFOpenDirectory.framework/Versions/A/CFOpenDirectory
0x00007fff3dea3000 	/System/Library/Frameworks/OpenDirectory.framework/Versions/A/OpenDirectory
0x00007fff46170000 	/System/Library/PrivateFrameworks/APFS.framework/Versions/A/APFS
0x00007fff4154c000 	/System/Library/Frameworks/SecurityFoundation.framework/Versions/A/SecurityFoundation
0x00007fff6b500000 	/usr/lib/libutil.dylib
0x00007fff4d723000 	/System/Library/PrivateFrameworks/CoreServicesStore.framework/Versions/A/CoreServicesStore
0x00007fff41604000 	/System/Library/Frameworks/ServiceManagement.framework/Versions/A/ServiceManagement
0x00007fff49666000 	/System/Library/PrivateFrameworks/BackgroundTaskManagement.framework/Versions/A/BackgroundTaskManagement
0x00007fff6b5fd000 	/usr/lib/libxslt.1.dylib
0x00007fff48514000 	/System/Library/PrivateFrameworks/AppleSystemInfo.framework/Versions/A/AppleSystemInfo
0x00007fff37cef000 	/System/Library/Frameworks/ImageIO.framework/Versions/A/Resources/libJPEG.dylib
0x00007fff37fae000 	/System/Library/Frameworks/ImageIO.framework/Versions/A/Resources/libTIFF.dylib
0x00007fff37f91000 	/System/Library/Frameworks/ImageIO.framework/Versions/A/Resources/libPng.dylib
0x00007fff37c30000 	/System/Library/Frameworks/ImageIO.framework/Versions/A/Resources/libGIF.dylib
0x00007fff37c34000 	/System/Library/Frameworks/ImageIO.framework/Versions/A/Resources/libJP2.dylib
0x00007fff37fac000 	/System/Library/Frameworks/ImageIO.framework/Versions/A/Resources/libRadiance.dylib
0x00007fff69e80000 	/usr/lib/libexpat.1.dylib
0x00007fff4800a000 	/System/Library/PrivateFrameworks/AppleJPEG.framework/Versions/A/AppleJPEG
0x00007fff5099d000 	/System/Library/PrivateFrameworks/FontServices.framework/libFontParser.dylib
0x00007fff67852000 	/System/Library/PrivateFrameworks/WatchdogClient.framework/Versions/A/WatchdogClient
0x00007fff58ef8000 	/System/Library/PrivateFrameworks/IOAccelerator.framework/Versions/A/IOAccelerator
0x00007fff3a36d000 	/System/Library/Frameworks/MetalPerformanceShaders.framework/Versions/A/MetalPerformanceShaders
0x00007fff556eb000 	/System/Library/PrivateFrameworks/GPUWrangler.framework/Versions/A/GPUWrangler
0x00007fff58f03000 	/System/Library/PrivateFrameworks/IOPresentment.framework/Versions/A/IOPresentment
0x00007fff4e40b000 	/System/Library/PrivateFrameworks/DSExternalDisplay.framework/Versions/A/DSExternalDisplay
0x00007fff3e80c000 	/System/Library/Frameworks/OpenGL.framework/Versions/A/Libraries/libCoreFSCache.dylib
0x00007fff3a0bf000 	/System/Library/Frameworks/MetalPerformanceShaders.framework/Frameworks/MPSCore.framework/Versions/A/MPSCore
0x00007fff3a0fc000 	/System/Library/Frameworks/MetalPerformanceShaders.framework/Frameworks/MPSImage.framework/Versions/A/MPSImage
0x00007fff3a1be000 	/System/Library/Frameworks/MetalPerformanceShaders.framework/Frameworks/MPSNeuralNetwork.framework/Versions/A/MPSNeuralNetwork
0x00007fff3a183000 	/System/Library/Frameworks/MetalPerformanceShaders.framework/Frameworks/MPSMatrix.framework/Versions/A/MPSMatrix
0x00007fff3a31e000 	/System/Library/Frameworks/MetalPerformanceShaders.framework/Frameworks/MPSRayIntersector.framework/Versions/A/MPSRayIntersector
0x00007fff3a1a8000 	/System/Library/Frameworks/MetalPerformanceShaders.framework/Frameworks/MPSNDArray.framework/Versions/A/MPSNDArray
0x00007fff5ad35000 	/System/Library/PrivateFrameworks/MetalTools.framework/Versions/A/MetalTools
0x00007fff47335000 	/System/Library/PrivateFrameworks/AggregateDictionary.framework/Versions/A/AggregateDictionary
0x00007fff4bec0000 	/System/Library/PrivateFrameworks/CoreAnalytics.framework/Versions/A/CoreAnalytics
0x00007fff48432000 	/System/Library/PrivateFrameworks/AppleSauce.framework/Versions/A/AppleSauce
0x00007fff68e52000 	/usr/lib/libIOReport.dylib
0x00007fff36bbd000 	/System/Library/Frameworks/CoreVideo.framework/Versions/A/CoreVideo
0x00007fff56b59000 	/System/Library/PrivateFrameworks/GraphVisualizer.framework/Versions/A/GraphVisualizer
0x00007fff4ff1e000 	/System/Library/PrivateFrameworks/FaceCore.framework/Versions/A/FaceCore
0x00007fff3de2d000 	/System/Library/Frameworks/OpenCL.framework/Versions/A/OpenCL
0x00007fff68c74000 	/usr/lib/libFosl_dynamic.dylib
0x00007fff5c1e3000 	/System/Library/PrivateFrameworks/OTSVG.framework/Versions/A/OTSVG
0x00007fff32cba000 	/System/Library/Frameworks/ApplicationServices.framework/Versions/A/Frameworks/ATS.framework/Versions/A/Resources/libFontRegistry.dylib
0x00007fff50b6e000 	/System/Library/PrivateFrameworks/FontServices.framework/libhvf.dylib
0x00007fff3e817000 	/System/Library/Frameworks/OpenGL.framework/Versions/A/Libraries/libGFXShared.dylib
0x00007fff3e9f4000 	/System/Library/Frameworks/OpenGL.framework/Versions/A/Libraries/libGLU.dylib
0x00007fff3e820000 	/System/Library/Frameworks/OpenGL.framework/Versions/A/Libraries/libGL.dylib
0x00007fff3e82b000 	/System/Library/Frameworks/OpenGL.framework/Versions/A/Libraries/libGLImage.dylib
0x00007fff3e809000 	/System/Library/Frameworks/OpenGL.framework/Versions/A/Libraries/libCVMSPluginSupport.dylib
0x00007fff3e812000 	/System/Library/Frameworks/OpenGL.framework/Versions/A/Libraries/libCoreVMClient.dylib
0x00007fff6a8d7000 	/usr/lib/libncurses.5.4.dylib
0x00007fff32bb6000 	/System/Library/Frameworks/ApplicationServices.framework/Versions/A/Frameworks/ATS.framework/Versions/A/ATS
0x00007fff32d83000 	/System/Library/Frameworks/ApplicationServices.framework/Versions/A/Frameworks/ColorSyncLegacy.framework/Versions/A/ColorSyncLegacy
0x00007fff32e22000 	/System/Library/Frameworks/ApplicationServices.framework/Versions/A/Frameworks/HIServices.framework/Versions/A/HIServices
0x00007fff32e79000 	/System/Library/Frameworks/ApplicationServices.framework/Versions/A/Frameworks/LangAnalysis.framework/Versions/A/LangAnalysis
0x00007fff32e88000 	/System/Library/Frameworks/ApplicationServices.framework/Versions/A/Frameworks/PrintCore.framework/Versions/A/PrintCore
0x00007fff32ece000 	/System/Library/Frameworks/ApplicationServices.framework/Versions/A/Frameworks/QD.framework/Versions/A/QD
0x00007fff32ed9000 	/System/Library/Frameworks/ApplicationServices.framework/Versions/A/Frameworks/SpeechSynthesis.framework/Versions/A/SpeechSynthesis
0x00007fff32d53000 	/System/Library/Frameworks/ApplicationServices.framework/Versions/A/Frameworks/ATSUI.framework/Versions/A/ATSUI
0x00007fff69d14000 	/usr/lib/libcups.2.dylib
0x00007fff3941c000 	/System/Library/Frameworks/Kerberos.framework/Versions/A/Kerberos
0x00007fff3769c000 	/System/Library/Frameworks/GSS.framework/Versions/A/GSS
0x00007fff6b04d000 	/usr/lib/libresolv.9.dylib
0x00007fff56cfa000 	/System/Library/PrivateFrameworks/Heimdal.framework/Versions/A/Heimdal
0x00007fff3942f000 	/System/Library/Frameworks/Kerberos.framework/Versions/A/Libraries/libHeimdalProxy.dylib
0x00007fff69ebe000 	/usr/lib/libheimdal-asn1.dylib
0x00007fff4b366000 	/System/Library/PrivateFrameworks/CommonAuth.framework/Versions/A/CommonAuth
0x00007fff485b1000 	/System/Library/PrivateFrameworks/AssertionServices.framework/Versions/A/AssertionServices
0x00007fff49154000 	/System/Library/PrivateFrameworks/AudioToolboxCore.framework/Versions/A/AudioToolboxCore
0x00007fff684ac000 	/System/Library/PrivateFrameworks/caulk.framework/Versions/A/caulk
0x00007fff49712000 	/System/Library/PrivateFrameworks/BaseBoard.framework/Versions/A/BaseBoard
0x00007fff60308000 	/System/Library/PrivateFrameworks/RunningBoardServices.framework/Versions/A/RunningBoardServices
0x00007fff5d3d1000 	/System/Library/PrivateFrameworks/PersistentConnection.framework/Versions/A/PersistentConnection
0x00007fff5fd57000 	/System/Library/PrivateFrameworks/ProtocolBuffer.framework/Versions/A/ProtocolBuffer
0x00007fff4b38b000 	/System/Library/PrivateFrameworks/CommonUtilities.framework/Versions/A/CommonUtilities
0x00007fff49895000 	/System/Library/PrivateFrameworks/Bom.framework/Versions/A/Bom
0x00007fff68b21000 	/usr/lib/libAudioToolboxUtility.dylib
0x00007fff49670000 	/System/Library/PrivateFrameworks/Backup.framework/Versions/A/Backup
0x00007fff4e17b000 	/System/Library/PrivateFrameworks/CrashReporterSupport.framework/Versions/A/CrashReporterSupport
0x00007fff61e04000 	/System/Library/PrivateFrameworks/Sharing.framework/Versions/A/Sharing
0x00007fff47d55000 	/System/Library/PrivateFrameworks/Apple80211.framework/Versions/A/Apple80211
0x00007fff49392000 	/System/Library/PrivateFrameworks/AuthKit.framework/Versions/A/AuthKit
0x00007fff4deab000 	/System/Library/PrivateFrameworks/CoreUtils.framework/Versions/A/CoreUtils
0x00007fff36c02000 	/System/Library/Frameworks/CoreWLAN.framework/Versions/A/CoreWLAN
0x00007fff37828000 	/System/Library/Frameworks/IOBluetooth.framework/Versions/A/IOBluetooth
0x00007fff5b033000 	/System/Library/PrivateFrameworks/MobileKeyBag.framework/Versions/A/MobileKeyBag
0x00007fff4cf76000 	/System/Library/PrivateFrameworks/CorePhoneNumbers.framework/Versions/A/CorePhoneNumbers
0x00007fff47fbd000 	/System/Library/PrivateFrameworks/AppleIDAuthSupport.framework/Versions/A/AppleIDAuthSupport
0x00007fff3b2c1000 	/System/Library/Frameworks/Network.framework/Versions/A/Network
0x00007fff596f3000 	/System/Library/PrivateFrameworks/KeychainCircle.framework/Versions/A/KeychainCircle
0x00007fff34676000 	/System/Library/Frameworks/CoreBluetooth.framework/Versions/A/CoreBluetooth
0x00007fff63a80000 	/System/Library/PrivateFrameworks/SpeechRecognitionCore.framework/Versions/A/SpeechRecognitionCore
0x000000010f000000 	/Library/Java/JavaVirtualMachines/jdk-11.0.4.jdk/Contents/Home/lib/server/libjvm.dylib
0x000000010e6ef000 	/Library/Java/JavaVirtualMachines/jdk-11.0.4.jdk/Contents/Home/lib/libverify.dylib
0x000000010e6fb000 	/Library/Java/JavaVirtualMachines/jdk-11.0.4.jdk/Contents/Home/lib/libjava.dylib
0x000000010e78a000 	/Library/Java/JavaVirtualMachines/jdk-11.0.4.jdk/Contents/Home/lib/libzip.dylib
0x000000010e792000 	/Library/Java/JavaVirtualMachines/jdk-11.0.4.jdk/Contents/Home/lib/libjimage.dylib
0x0000000130c3c000 	/Library/Java/JavaVirtualMachines/jdk-11.0.4.jdk/Contents/Home/lib/libnio.dylib
0x0000000130c4a000 	/Library/Java/JavaVirtualMachines/jdk-11.0.4.jdk/Contents/Home/lib/libnet.dylib


VM Arguments:
jvm_args: -Xverify:none 
java_command: Exemple
java_class_path (initial): .
Launcher Type: SUN_STANDARD

[Global flags]
     bool BytecodeVerificationLocal                = false                                     {product} {command line}
     bool BytecodeVerificationRemote               = false                                     {product} {command line}
     intx CICompilerCount                          = 3                                         {product} {ergonomic}
     uint ConcGCThreads                            = 1                                         {product} {ergonomic}
     uint G1ConcRefinementThreads                  = 4                                         {product} {ergonomic}
   size_t G1HeapRegionSize                         = 1048576                                   {product} {ergonomic}
    uintx GCDrainStackTargetSize                   = 64                                        {product} {ergonomic}
   size_t InitialHeapSize                          = 134217728                                 {product} {ergonomic}
   size_t MarkStackSize                            = 4194304                                   {product} {ergonomic}
   size_t MaxHeapSize                              = 2147483648                                {product} {ergonomic}
   size_t MaxNewSize                               = 1287651328                                {product} {ergonomic}
   size_t MinHeapDeltaBytes                        = 1048576                                   {product} {ergonomic}
    uintx NonNMethodCodeHeapSize                   = 5830092                                {pd product} {ergonomic}
    uintx NonProfiledCodeHeapSize                  = 122914074                              {pd product} {ergonomic}
    uintx ProfiledCodeHeapSize                     = 122914074                              {pd product} {ergonomic}
    uintx ReservedCodeCacheSize                    = 251658240                              {pd product} {ergonomic}
     bool SegmentedCodeCache                       = true                                      {product} {ergonomic}
     bool UseCompressedClassPointers               = true                                 {lp64_product} {ergonomic}
     bool UseCompressedOops                        = true                                 {lp64_product} {ergonomic}
     bool UseG1GC                                  = true                                      {product} {ergonomic}

Logging:
Log output configuration:
 #0: stdout all=warning uptime,level,tags
 #1: stderr all=off uptime,level,tags

Environment Variables:
PATH=/usr/local/bin:/usr/bin:/bin:/usr/sbin:/sbin:/usr/local/share/dotnet:~/.dotnet/tools:/Library/Frameworks/Mono.framework/Versions/Current/Commands
SHELL=/bin/zsh

Signal Handlers:
SIGSEGV: [libjvm.dylib+0x7413f8], sa_mask[0]=11111111011111110111111111111111, sa_flags=SA_ONSTACK|SA_RESTART|SA_SIGINFO
SIGBUS: [libjvm.dylib+0x7413f8], sa_mask[0]=11111111011111110111111111111111, sa_flags=SA_RESTART|SA_SIGINFO
SIGFPE: [libjvm.dylib+0x7413f8], sa_mask[0]=11111111011111110111111111111111, sa_flags=SA_RESTART|SA_SIGINFO
SIGPIPE: [libjvm.dylib+0x5f409e], sa_mask[0]=11111111011111110111111111111111, sa_flags=SA_RESTART|SA_SIGINFO
SIGXFSZ: [libjvm.dylib+0x5f409e], sa_mask[0]=11111111011111110111111111111111, sa_flags=SA_RESTART|SA_SIGINFO
SIGILL: [libjvm.dylib+0x7413f8], sa_mask[0]=11111111011111110111111111111111, sa_flags=SA_RESTART|SA_SIGINFO
SIGUSR2: [libjvm.dylib+0x5f4683], sa_mask[0]=00000000000000000000000000000000, sa_flags=SA_RESTART|SA_SIGINFO
SIGHUP: [libjvm.dylib+0x5f30df], sa_mask[0]=11111111011111110111111111111111, sa_flags=SA_RESTART|SA_SIGINFO
SIGINT: [libjvm.dylib+0x5f30df], sa_mask[0]=11111111011111110111111111111111, sa_flags=SA_RESTART|SA_SIGINFO
SIGTERM: [libjvm.dylib+0x5f30df], sa_mask[0]=11111111011111110111111111111111, sa_flags=SA_RESTART|SA_SIGINFO
SIGQUIT: [libjvm.dylib+0x5f30df], sa_mask[0]=11111111011111110111111111111111, sa_flags=SA_RESTART|SA_SIGINFO


---------------  S Y S T E M  ---------------

OS:uname:Darwin 19.3.0 Darwin Kernel Version 19.3.0: Thu Jan  9 20:58:23 PST 2020; root:xnu-6153.81.5~1/RELEASE_X86_64 x86_64
rlimit: STACK 8192k, CORE 0k, NPROC 1392, NOFILE 10240, AS infinity, DATA infinity, FSIZE infinity
load average:16,88 7,22 3,75

CPU:total 4 (initial active 4) (2 cores per cpu, 2 threads per core) family 6 model 142 stepping 9, cmov, cx8, fxsr, mmx, sse, sse2, sse3, ssse3, sse4.1, sse4.2, popcnt, avx, avx2, aes, clmul, erms, rtm, 3dnowpref, lzcnt, ht, tsc, tscinvbit, bmi1, bmi2, adx, fma

Memory: 4k page, physical 8388608k(2810744k free)

vm_info: Java HotSpot(TM) 64-Bit Server VM (11.0.4+10-LTS) for bsd-amd64 JRE (11.0.4+10-LTS), built on Jul  4 2019 15:49:59 by "mach5one" with gcc 4.2.1 Compatible Apple LLVM 9.1.0 (clang-902.0.39.2)

END.
